<?xml version="1.0" encoding="UTF-8"?>
<testng-results ignored="0" total="1" passed="1" failed="0" skipped="0">
  <reporter-output>
  </reporter-output>
  <suite started-at="2022-06-03T21:30:16 IST" name="Default suite" finished-at="2022-06-03T21:35:07 IST" duration-ms="290961">
    <groups>
    </groups>
    <test started-at="2022-06-03T21:30:16 IST" name="Default test" finished-at="2022-06-03T21:35:07 IST" duration-ms="290961">
      <class name="com.assignments.AutomationScript">
        <test-method is-config="true" signature="launchBrowser()[pri:0, instance:com.assignments.AutomationScript@56cdfb3b]" started-at="2022-06-03T21:30:16 IST" name="launchBrowser" finished-at="2022-06-03T21:32:55 IST" duration-ms="158251" status="PASS">
          <reporter-output>
          </reporter-output>
        </test-method> <!-- launchBrowser -->
        <test-method signature="testScriptTest()[pri:0, instance:com.assignments.AutomationScript@56cdfb3b]" started-at="2022-06-03T21:32:55 IST" name="testScriptTest" finished-at="2022-06-03T21:35:07 IST" duration-ms="132366" status="PASS">
          <reporter-output>
          </reporter-output>
        </test-method> <!-- testScriptTest -->
        <test-method is-config="true" signature="closeBrowser()[pri:0, instance:com.assignments.AutomationScript@56cdfb3b]" started-at="2022-06-03T21:35:07 IST" name="closeBrowser" finished-at="2022-06-03T21:35:07 IST" duration-ms="283" status="PASS">
          <reporter-output>
          </reporter-output>
        </test-method> <!-- closeBrowser -->
      </class> <!-- com.assignments.AutomationScript -->
    </test> <!-- Default test -->
  </suite> <!-- Default suite -->
</testng-results>
